2023-09-09 20:45:09.485 INFO  com.zaxxer.hikari.HikariDataSource Line:350 - HikariPool-1 - Shutdown initiated...
2023-09-09 20:45:09.494 INFO  com.zaxxer.hikari.HikariDataSource Line:352 - HikariPool-1 - Shutdown completed.
2023-09-09 21:49:13.198 INFO  com.zhu.userapi.UserApiApplication Line:55  - Starting UserApiApplication using Java 17.0.4.1 on LAPTOP-9RA645UK with PID 23832 (D:\zhu_api_backend\zhu-api-backend\target\classes started by ZHU in D:\zhu_api_backend\zhu-api-backend)
2023-09-09 21:49:13.200 INFO  com.zhu.userapi.UserApiApplication Line:631 - No active profile set, falling back to 1 default profile: "default"
2023-09-09 21:49:13.241 INFO  org.springframework.boot.devtools.env.DevToolsPropertyDefaultsPostProcessor Line:255 - Devtools property defaults active! Set 'spring.devtools.add-properties' to 'false' to disable
2023-09-09 21:49:13.241 INFO  org.springframework.boot.devtools.env.DevToolsPropertyDefaultsPostProcessor Line:255 - For additional web related logging consider setting the 'logging.level.web' property to 'DEBUG'
2023-09-09 21:49:14.308 INFO  org.springframework.boot.web.embedded.tomcat.TomcatWebServer Line:108 - Tomcat initialized with port(s): 8123 (http)
2023-09-09 21:49:14.309 INFO  org.apache.catalina.core.AprLifecycleListener Line:173 - Loaded Apache Tomcat Native library [1.2.35] using APR version [1.7.0].
2023-09-09 21:49:14.309 INFO  org.apache.catalina.core.AprLifecycleListener Line:173 - APR capabilities: IPv6 [true], sendfile [true], accept filters [false], random [true], UDS [true].
2023-09-09 21:49:14.309 INFO  org.apache.catalina.core.AprLifecycleListener Line:173 - APR/OpenSSL configuration: useAprConnector [false], useOpenSSL [true]
2023-09-09 21:49:14.312 INFO  org.apache.catalina.core.AprLifecycleListener Line:173 - OpenSSL successfully initialized [OpenSSL 1.1.1q  5 Jul 2022]
2023-09-09 21:49:14.322 INFO  org.apache.coyote.http11.Http11NioProtocol Line:173 - Initializing ProtocolHandler ["http-nio-8123"]
2023-09-09 21:49:14.322 INFO  org.apache.catalina.core.StandardService Line:173 - Starting service [Tomcat]
2023-09-09 21:49:14.322 INFO  org.apache.catalina.core.StandardEngine Line:173 - Starting Servlet engine: [Apache Tomcat/9.0.71]
2023-09-09 21:49:14.386 INFO  org.apache.catalina.core.ContainerBase.[Tomcat].[localhost].[/api] Line:173 - Initializing Spring embedded WebApplicationContext
2023-09-09 21:49:14.386 INFO  org.springframework.boot.web.servlet.context.ServletWebServerApplicationContext Line:292 - Root WebApplicationContext: initialization completed in 1144 ms
2023-09-09 21:49:15.208 INFO  org.springframework.boot.devtools.autoconfigure.OptionalLiveReloadServer Line:59  - LiveReload server is running on port 35729
2023-09-09 21:49:15.225 INFO  org.apache.coyote.http11.Http11NioProtocol Line:173 - Starting ProtocolHandler ["http-nio-8123"]
2023-09-09 21:49:15.245 INFO  org.springframework.boot.web.embedded.tomcat.TomcatWebServer Line:220 - Tomcat started on port(s): 8123 (http) with context path '/api'
2023-09-09 21:49:15.259 INFO  com.zhu.userapi.UserApiApplication Line:61  - Started UserApiApplication in 2.404 seconds (JVM running for 3.244)
2023-09-09 22:13:01.172 INFO  com.zhu.userapi.UserApiApplication Line:55  - Starting UserApiApplication using Java 17.0.4.1 on LAPTOP-9RA645UK with PID 22472 (D:\zhu_api_backend\zhu-api-backend\target\classes started by ZHU in D:\zhu_api_backend\zhu-api-backend)
2023-09-09 22:13:01.174 INFO  com.zhu.userapi.UserApiApplication Line:631 - No active profile set, falling back to 1 default profile: "default"
2023-09-09 22:13:01.211 INFO  org.springframework.boot.devtools.env.DevToolsPropertyDefaultsPostProcessor Line:255 - Devtools property defaults active! Set 'spring.devtools.add-properties' to 'false' to disable
2023-09-09 22:13:01.211 INFO  org.springframework.boot.devtools.env.DevToolsPropertyDefaultsPostProcessor Line:255 - For additional web related logging consider setting the 'logging.level.web' property to 'DEBUG'
2023-09-09 22:13:02.189 INFO  org.springframework.boot.web.embedded.tomcat.TomcatWebServer Line:108 - Tomcat initialized with port(s): 8123 (http)
2023-09-09 22:13:02.190 INFO  org.apache.catalina.core.AprLifecycleListener Line:173 - Loaded Apache Tomcat Native library [1.2.35] using APR version [1.7.0].
2023-09-09 22:13:02.190 INFO  org.apache.catalina.core.AprLifecycleListener Line:173 - APR capabilities: IPv6 [true], sendfile [true], accept filters [false], random [true], UDS [true].
2023-09-09 22:13:02.190 INFO  org.apache.catalina.core.AprLifecycleListener Line:173 - APR/OpenSSL configuration: useAprConnector [false], useOpenSSL [true]
2023-09-09 22:13:02.193 INFO  org.apache.catalina.core.AprLifecycleListener Line:173 - OpenSSL successfully initialized [OpenSSL 1.1.1q  5 Jul 2022]
2023-09-09 22:13:02.200 INFO  org.apache.coyote.http11.Http11NioProtocol Line:173 - Initializing ProtocolHandler ["http-nio-8123"]
2023-09-09 22:13:02.200 INFO  org.apache.catalina.core.StandardService Line:173 - Starting service [Tomcat]
2023-09-09 22:13:02.200 INFO  org.apache.catalina.core.StandardEngine Line:173 - Starting Servlet engine: [Apache Tomcat/9.0.71]
2023-09-09 22:13:02.258 INFO  org.apache.catalina.core.ContainerBase.[Tomcat].[localhost].[/api] Line:173 - Initializing Spring embedded WebApplicationContext
2023-09-09 22:13:02.258 INFO  org.springframework.boot.web.servlet.context.ServletWebServerApplicationContext Line:292 - Root WebApplicationContext: initialization completed in 1046 ms
2023-09-09 22:13:03.048 INFO  org.springframework.boot.devtools.autoconfigure.OptionalLiveReloadServer Line:59  - LiveReload server is running on port 35729
2023-09-09 22:13:03.065 INFO  org.apache.coyote.http11.Http11NioProtocol Line:173 - Starting ProtocolHandler ["http-nio-8123"]
2023-09-09 22:13:03.082 INFO  org.springframework.boot.web.embedded.tomcat.TomcatWebServer Line:220 - Tomcat started on port(s): 8123 (http) with context path '/api'
2023-09-09 22:13:03.092 INFO  com.zhu.userapi.UserApiApplication Line:61  - Started UserApiApplication in 2.317 seconds (JVM running for 3.34)
