2023-09-04 09:44:08.466 INFO  com.zaxxer.hikari.HikariDataSource Line:350 - HikariPool-1 - Shutdown initiated...
2023-09-04 09:44:08.474 INFO  com.zaxxer.hikari.HikariDataSource Line:352 - HikariPool-1 - Shutdown completed.
2023-09-04 11:27:46.701 INFO  com.zhu.userapi.UserApiApplication Line:55  - Starting UserApiApplication using Java 17.0.4.1 on LAPTOP-9RA645UK with PID 23300 (D:\zhu_api_backend\zhu-api-backend\target\classes started by ZHU in D:\zhu_api_backend\zhu-api-backend)
2023-09-04 11:27:46.705 INFO  com.zhu.userapi.UserApiApplication Line:631 - No active profile set, falling back to 1 default profile: "default"
2023-09-04 11:27:46.773 INFO  org.springframework.boot.devtools.env.DevToolsPropertyDefaultsPostProcessor Line:255 - Devtools property defaults active! Set 'spring.devtools.add-properties' to 'false' to disable
2023-09-04 11:27:46.774 INFO  org.springframework.boot.devtools.env.DevToolsPropertyDefaultsPostProcessor Line:255 - For additional web related logging consider setting the 'logging.level.web' property to 'DEBUG'
2023-09-04 11:27:48.017 INFO  org.springframework.boot.web.embedded.tomcat.TomcatWebServer Line:108 - Tomcat initialized with port(s): 8123 (http)
2023-09-04 11:27:48.018 INFO  org.apache.catalina.core.AprLifecycleListener Line:173 - Loaded Apache Tomcat Native library [1.2.35] using APR version [1.7.0].
2023-09-04 11:27:48.018 INFO  org.apache.catalina.core.AprLifecycleListener Line:173 - APR capabilities: IPv6 [true], sendfile [true], accept filters [false], random [true], UDS [true].
2023-09-04 11:27:48.018 INFO  org.apache.catalina.core.AprLifecycleListener Line:173 - APR/OpenSSL configuration: useAprConnector [false], useOpenSSL [true]
2023-09-04 11:27:48.030 INFO  org.apache.catalina.core.AprLifecycleListener Line:173 - OpenSSL successfully initialized [OpenSSL 1.1.1q  5 Jul 2022]
2023-09-04 11:27:48.039 INFO  org.apache.coyote.http11.Http11NioProtocol Line:173 - Initializing ProtocolHandler ["http-nio-8123"]
2023-09-04 11:27:48.039 INFO  org.apache.catalina.core.StandardService Line:173 - Starting service [Tomcat]
2023-09-04 11:27:48.039 INFO  org.apache.catalina.core.StandardEngine Line:173 - Starting Servlet engine: [Apache Tomcat/9.0.71]
2023-09-04 11:27:48.103 INFO  org.apache.catalina.core.ContainerBase.[Tomcat].[localhost].[/api] Line:173 - Initializing Spring embedded WebApplicationContext
2023-09-04 11:27:48.103 INFO  org.springframework.boot.web.servlet.context.ServletWebServerApplicationContext Line:292 - Root WebApplicationContext: initialization completed in 1328 ms
2023-09-04 11:27:48.891 INFO  org.springframework.boot.devtools.autoconfigure.OptionalLiveReloadServer Line:59  - LiveReload server is running on port 35729
2023-09-04 11:27:48.904 INFO  org.apache.coyote.http11.Http11NioProtocol Line:173 - Starting ProtocolHandler ["http-nio-8123"]
2023-09-04 11:27:48.921 INFO  org.springframework.boot.web.embedded.tomcat.TomcatWebServer Line:220 - Tomcat started on port(s): 8123 (http) with context path '/api'
2023-09-04 11:27:48.930 INFO  com.zhu.userapi.UserApiApplication Line:61  - Started UserApiApplication in 2.799 seconds (JVM running for 3.818)
2023-09-04 11:28:40.601 INFO  org.apache.catalina.core.ContainerBase.[Tomcat].[localhost].[/api] Line:173 - Initializing Spring DispatcherServlet 'dispatcherServlet'
2023-09-04 11:28:40.602 INFO  org.springframework.web.servlet.DispatcherServlet Line:525 - Initializing Servlet 'dispatcherServlet'
2023-09-04 11:28:40.603 INFO  org.springframework.web.servlet.DispatcherServlet Line:547 - Completed initialization in 1 ms
2023-09-04 11:28:51.280 INFO  com.zaxxer.hikari.HikariDataSource Line:110 - HikariPool-1 - Starting...
2023-09-04 11:28:51.588 INFO  com.zaxxer.hikari.HikariDataSource Line:123 - HikariPool-1 - Start completed.
2023-09-04 14:49:57.227 INFO  com.zaxxer.hikari.HikariDataSource Line:350 - HikariPool-1 - Shutdown initiated...
2023-09-04 14:49:57.232 INFO  com.zaxxer.hikari.HikariDataSource Line:352 - HikariPool-1 - Shutdown completed.
2023-09-04 15:55:55.175 INFO  com.zhu.userapi.UserApiApplication Line:55  - Starting UserApiApplication using Java 17.0.4.1 on LAPTOP-9RA645UK with PID 26960 (D:\zhu_api_backend\zhu-api-backend\target\classes started by ZHU in D:\zhu_api_backend\zhu-api-backend)
2023-09-04 15:55:55.178 INFO  com.zhu.userapi.UserApiApplication Line:631 - No active profile set, falling back to 1 default profile: "default"
2023-09-04 15:55:55.217 INFO  org.springframework.boot.devtools.env.DevToolsPropertyDefaultsPostProcessor Line:255 - Devtools property defaults active! Set 'spring.devtools.add-properties' to 'false' to disable
2023-09-04 15:55:55.218 INFO  org.springframework.boot.devtools.env.DevToolsPropertyDefaultsPostProcessor Line:255 - For additional web related logging consider setting the 'logging.level.web' property to 'DEBUG'
2023-09-04 15:55:56.299 INFO  org.springframework.boot.web.embedded.tomcat.TomcatWebServer Line:108 - Tomcat initialized with port(s): 8123 (http)
2023-09-04 15:55:56.300 INFO  org.apache.catalina.core.AprLifecycleListener Line:173 - Loaded Apache Tomcat Native library [1.2.35] using APR version [1.7.0].
2023-09-04 15:55:56.300 INFO  org.apache.catalina.core.AprLifecycleListener Line:173 - APR capabilities: IPv6 [true], sendfile [true], accept filters [false], random [true], UDS [true].
2023-09-04 15:55:56.300 INFO  org.apache.catalina.core.AprLifecycleListener Line:173 - APR/OpenSSL configuration: useAprConnector [false], useOpenSSL [true]
2023-09-04 15:55:56.312 INFO  org.apache.catalina.core.AprLifecycleListener Line:173 - OpenSSL successfully initialized [OpenSSL 1.1.1q  5 Jul 2022]
2023-09-04 15:55:56.320 INFO  org.apache.coyote.http11.Http11NioProtocol Line:173 - Initializing ProtocolHandler ["http-nio-8123"]
2023-09-04 15:55:56.320 INFO  org.apache.catalina.core.StandardService Line:173 - Starting service [Tomcat]
2023-09-04 15:55:56.320 INFO  org.apache.catalina.core.StandardEngine Line:173 - Starting Servlet engine: [Apache Tomcat/9.0.71]
2023-09-04 15:55:56.380 INFO  org.apache.catalina.core.ContainerBase.[Tomcat].[localhost].[/api] Line:173 - Initializing Spring embedded WebApplicationContext
2023-09-04 15:55:56.380 INFO  org.springframework.boot.web.servlet.context.ServletWebServerApplicationContext Line:292 - Root WebApplicationContext: initialization completed in 1162 ms
2023-09-04 15:55:57.164 INFO  org.springframework.boot.devtools.autoconfigure.OptionalLiveReloadServer Line:59  - LiveReload server is running on port 35729
2023-09-04 15:55:57.180 INFO  org.apache.coyote.http11.Http11NioProtocol Line:173 - Starting ProtocolHandler ["http-nio-8123"]
2023-09-04 15:55:57.199 INFO  org.springframework.boot.web.embedded.tomcat.TomcatWebServer Line:220 - Tomcat started on port(s): 8123 (http) with context path '/api'
2023-09-04 15:55:57.209 INFO  com.zhu.userapi.UserApiApplication Line:61  - Started UserApiApplication in 2.435 seconds (JVM running for 3.476)
2023-09-04 15:56:10.734 INFO  org.apache.catalina.core.ContainerBase.[Tomcat].[localhost].[/api] Line:173 - Initializing Spring DispatcherServlet 'dispatcherServlet'
2023-09-04 15:56:10.735 INFO  org.springframework.web.servlet.DispatcherServlet Line:525 - Initializing Servlet 'dispatcherServlet'
2023-09-04 15:56:10.735 INFO  org.springframework.web.servlet.DispatcherServlet Line:547 - Completed initialization in 0 ms
2023-09-04 15:56:10.885 INFO  com.zaxxer.hikari.HikariDataSource Line:110 - HikariPool-1 - Starting...
2023-09-04 15:56:11.236 INFO  com.zaxxer.hikari.HikariDataSource Line:123 - HikariPool-1 - Start completed.
2023-09-04 16:13:15.749 INFO  com.zaxxer.hikari.HikariDataSource Line:350 - HikariPool-1 - Shutdown initiated...
2023-09-04 16:13:15.757 INFO  com.zaxxer.hikari.HikariDataSource Line:352 - HikariPool-1 - Shutdown completed.
2023-09-04 16:13:19.686 INFO  com.zhu.userapi.UserApiApplication Line:55  - Starting UserApiApplication using Java 17.0.4.1 on LAPTOP-9RA645UK with PID 26428 (D:\zhu_api_backend\zhu-api-backend\target\classes started by ZHU in D:\zhu_api_backend\zhu-api-backend)
2023-09-04 16:13:19.690 INFO  com.zhu.userapi.UserApiApplication Line:631 - No active profile set, falling back to 1 default profile: "default"
2023-09-04 16:13:19.735 INFO  org.springframework.boot.devtools.env.DevToolsPropertyDefaultsPostProcessor Line:255 - Devtools property defaults active! Set 'spring.devtools.add-properties' to 'false' to disable
2023-09-04 16:13:19.736 INFO  org.springframework.boot.devtools.env.DevToolsPropertyDefaultsPostProcessor Line:255 - For additional web related logging consider setting the 'logging.level.web' property to 'DEBUG'
2023-09-04 16:13:20.675 INFO  org.springframework.boot.web.embedded.tomcat.TomcatWebServer Line:108 - Tomcat initialized with port(s): 8123 (http)
2023-09-04 16:13:20.676 INFO  org.apache.catalina.core.AprLifecycleListener Line:173 - Loaded Apache Tomcat Native library [1.2.35] using APR version [1.7.0].
2023-09-04 16:13:20.676 INFO  org.apache.catalina.core.AprLifecycleListener Line:173 - APR capabilities: IPv6 [true], sendfile [true], accept filters [false], random [true], UDS [true].
2023-09-04 16:13:20.676 INFO  org.apache.catalina.core.AprLifecycleListener Line:173 - APR/OpenSSL configuration: useAprConnector [false], useOpenSSL [true]
2023-09-04 16:13:20.678 INFO  org.apache.catalina.core.AprLifecycleListener Line:173 - OpenSSL successfully initialized [OpenSSL 1.1.1q  5 Jul 2022]
2023-09-04 16:13:20.685 INFO  org.apache.coyote.http11.Http11NioProtocol Line:173 - Initializing ProtocolHandler ["http-nio-8123"]
2023-09-04 16:13:20.686 INFO  org.apache.catalina.core.StandardService Line:173 - Starting service [Tomcat]
2023-09-04 16:13:20.686 INFO  org.apache.catalina.core.StandardEngine Line:173 - Starting Servlet engine: [Apache Tomcat/9.0.71]
2023-09-04 16:13:20.747 INFO  org.apache.catalina.core.ContainerBase.[Tomcat].[localhost].[/api] Line:173 - Initializing Spring embedded WebApplicationContext
2023-09-04 16:13:20.747 INFO  org.springframework.boot.web.servlet.context.ServletWebServerApplicationContext Line:292 - Root WebApplicationContext: initialization completed in 1011 ms
2023-09-04 16:13:21.504 INFO  org.springframework.boot.devtools.autoconfigure.OptionalLiveReloadServer Line:59  - LiveReload server is running on port 35729
2023-09-04 16:13:21.517 INFO  org.apache.coyote.http11.Http11NioProtocol Line:173 - Starting ProtocolHandler ["http-nio-8123"]
2023-09-04 16:13:21.532 INFO  org.springframework.boot.web.embedded.tomcat.TomcatWebServer Line:220 - Tomcat started on port(s): 8123 (http) with context path '/api'
2023-09-04 16:13:21.541 INFO  com.zhu.userapi.UserApiApplication Line:61  - Started UserApiApplication in 2.24 seconds (JVM running for 2.99)
2023-09-04 16:13:33.226 INFO  org.apache.catalina.core.ContainerBase.[Tomcat].[localhost].[/api] Line:173 - Initializing Spring DispatcherServlet 'dispatcherServlet'
2023-09-04 16:13:33.226 INFO  org.springframework.web.servlet.DispatcherServlet Line:525 - Initializing Servlet 'dispatcherServlet'
2023-09-04 16:13:33.227 INFO  org.springframework.web.servlet.DispatcherServlet Line:547 - Completed initialization in 1 ms
2023-09-04 16:13:38.736 INFO  com.zaxxer.hikari.HikariDataSource Line:110 - HikariPool-1 - Starting...
2023-09-04 16:13:39.050 INFO  com.zaxxer.hikari.HikariDataSource Line:123 - HikariPool-1 - Start completed.
2023-09-04 16:17:29.303 INFO  com.zaxxer.hikari.HikariDataSource Line:350 - HikariPool-1 - Shutdown initiated...
2023-09-04 16:17:29.310 INFO  com.zaxxer.hikari.HikariDataSource Line:352 - HikariPool-1 - Shutdown completed.
2023-09-04 16:17:33.687 INFO  com.zhu.userapi.UserApiApplication Line:55  - Starting UserApiApplication using Java 17.0.4.1 on LAPTOP-9RA645UK with PID 18720 (D:\zhu_api_backend\zhu-api-backend\target\classes started by ZHU in D:\zhu_api_backend\zhu-api-backend)
2023-09-04 16:17:33.690 INFO  com.zhu.userapi.UserApiApplication Line:631 - No active profile set, falling back to 1 default profile: "default"
2023-09-04 16:17:33.742 INFO  org.springframework.boot.devtools.env.DevToolsPropertyDefaultsPostProcessor Line:255 - Devtools property defaults active! Set 'spring.devtools.add-properties' to 'false' to disable
2023-09-04 16:17:33.742 INFO  org.springframework.boot.devtools.env.DevToolsPropertyDefaultsPostProcessor Line:255 - For additional web related logging consider setting the 'logging.level.web' property to 'DEBUG'
2023-09-04 16:17:34.684 INFO  org.springframework.boot.web.embedded.tomcat.TomcatWebServer Line:108 - Tomcat initialized with port(s): 8123 (http)
2023-09-04 16:17:34.685 INFO  org.apache.catalina.core.AprLifecycleListener Line:173 - Loaded Apache Tomcat Native library [1.2.35] using APR version [1.7.0].
2023-09-04 16:17:34.685 INFO  org.apache.catalina.core.AprLifecycleListener Line:173 - APR capabilities: IPv6 [true], sendfile [true], accept filters [false], random [true], UDS [true].
2023-09-04 16:17:34.685 INFO  org.apache.catalina.core.AprLifecycleListener Line:173 - APR/OpenSSL configuration: useAprConnector [false], useOpenSSL [true]
2023-09-04 16:17:34.687 INFO  org.apache.catalina.core.AprLifecycleListener Line:173 - OpenSSL successfully initialized [OpenSSL 1.1.1q  5 Jul 2022]
2023-09-04 16:17:34.694 INFO  org.apache.coyote.http11.Http11NioProtocol Line:173 - Initializing ProtocolHandler ["http-nio-8123"]
2023-09-04 16:17:34.694 INFO  org.apache.catalina.core.StandardService Line:173 - Starting service [Tomcat]
2023-09-04 16:17:34.694 INFO  org.apache.catalina.core.StandardEngine Line:173 - Starting Servlet engine: [Apache Tomcat/9.0.71]
2023-09-04 16:17:34.749 INFO  org.apache.catalina.core.ContainerBase.[Tomcat].[localhost].[/api] Line:173 - Initializing Spring embedded WebApplicationContext
2023-09-04 16:17:34.749 INFO  org.springframework.boot.web.servlet.context.ServletWebServerApplicationContext Line:292 - Root WebApplicationContext: initialization completed in 1006 ms
2023-09-04 16:17:35.514 INFO  org.springframework.boot.devtools.autoconfigure.OptionalLiveReloadServer Line:59  - LiveReload server is running on port 35729
2023-09-04 16:17:35.528 INFO  org.apache.coyote.http11.Http11NioProtocol Line:173 - Starting ProtocolHandler ["http-nio-8123"]
2023-09-04 16:17:35.545 INFO  org.springframework.boot.web.embedded.tomcat.TomcatWebServer Line:220 - Tomcat started on port(s): 8123 (http) with context path '/api'
2023-09-04 16:17:35.554 INFO  com.zhu.userapi.UserApiApplication Line:61  - Started UserApiApplication in 2.236 seconds (JVM running for 3.005)
2023-09-04 16:17:50.050 INFO  org.apache.catalina.core.ContainerBase.[Tomcat].[localhost].[/api] Line:173 - Initializing Spring DispatcherServlet 'dispatcherServlet'
2023-09-04 16:17:50.050 INFO  org.springframework.web.servlet.DispatcherServlet Line:525 - Initializing Servlet 'dispatcherServlet'
2023-09-04 16:17:50.051 INFO  org.springframework.web.servlet.DispatcherServlet Line:547 - Completed initialization in 1 ms
2023-09-04 16:17:55.171 INFO  com.zaxxer.hikari.HikariDataSource Line:110 - HikariPool-1 - Starting...
2023-09-04 16:17:55.455 INFO  com.zaxxer.hikari.HikariDataSource Line:123 - HikariPool-1 - Start completed.
2023-09-04 17:27:41.537 INFO  com.zaxxer.hikari.HikariDataSource Line:350 - HikariPool-1 - Shutdown initiated...
2023-09-04 17:27:41.543 INFO  com.zaxxer.hikari.HikariDataSource Line:352 - HikariPool-1 - Shutdown completed.
2023-09-04 17:27:46.099 INFO  com.zhu.userapi.UserApiApplication Line:55  - Starting UserApiApplication using Java 17.0.4.1 on LAPTOP-9RA645UK with PID 20692 (D:\zhu_api_backend\zhu-api-backend\target\classes started by ZHU in D:\zhu_api_backend\zhu-api-backend)
2023-09-04 17:27:46.101 INFO  com.zhu.userapi.UserApiApplication Line:631 - No active profile set, falling back to 1 default profile: "default"
2023-09-04 17:27:46.136 INFO  org.springframework.boot.devtools.env.DevToolsPropertyDefaultsPostProcessor Line:255 - Devtools property defaults active! Set 'spring.devtools.add-properties' to 'false' to disable
2023-09-04 17:27:46.136 INFO  org.springframework.boot.devtools.env.DevToolsPropertyDefaultsPostProcessor Line:255 - For additional web related logging consider setting the 'logging.level.web' property to 'DEBUG'
2023-09-04 17:27:47.081 INFO  org.springframework.boot.web.embedded.tomcat.TomcatWebServer Line:108 - Tomcat initialized with port(s): 8123 (http)
2023-09-04 17:27:47.082 INFO  org.apache.catalina.core.AprLifecycleListener Line:173 - Loaded Apache Tomcat Native library [1.2.35] using APR version [1.7.0].
2023-09-04 17:27:47.082 INFO  org.apache.catalina.core.AprLifecycleListener Line:173 - APR capabilities: IPv6 [true], sendfile [true], accept filters [false], random [true], UDS [true].
2023-09-04 17:27:47.082 INFO  org.apache.catalina.core.AprLifecycleListener Line:173 - APR/OpenSSL configuration: useAprConnector [false], useOpenSSL [true]
2023-09-04 17:27:47.085 INFO  org.apache.catalina.core.AprLifecycleListener Line:173 - OpenSSL successfully initialized [OpenSSL 1.1.1q  5 Jul 2022]
2023-09-04 17:27:47.094 INFO  org.apache.coyote.http11.Http11NioProtocol Line:173 - Initializing ProtocolHandler ["http-nio-8123"]
2023-09-04 17:27:47.094 INFO  org.apache.catalina.core.StandardService Line:173 - Starting service [Tomcat]
2023-09-04 17:27:47.094 INFO  org.apache.catalina.core.StandardEngine Line:173 - Starting Servlet engine: [Apache Tomcat/9.0.71]
2023-09-04 17:27:47.153 INFO  org.apache.catalina.core.ContainerBase.[Tomcat].[localhost].[/api] Line:173 - Initializing Spring embedded WebApplicationContext
2023-09-04 17:27:47.154 INFO  org.springframework.boot.web.servlet.context.ServletWebServerApplicationContext Line:292 - Root WebApplicationContext: initialization completed in 1017 ms
2023-09-04 17:27:47.906 INFO  org.springframework.boot.devtools.autoconfigure.OptionalLiveReloadServer Line:59  - LiveReload server is running on port 35729
2023-09-04 17:27:47.919 INFO  org.apache.coyote.http11.Http11NioProtocol Line:173 - Starting ProtocolHandler ["http-nio-8123"]
2023-09-04 17:27:47.935 INFO  org.springframework.boot.web.embedded.tomcat.TomcatWebServer Line:220 - Tomcat started on port(s): 8123 (http) with context path '/api'
2023-09-04 17:27:47.944 INFO  com.zhu.userapi.UserApiApplication Line:61  - Started UserApiApplication in 2.174 seconds (JVM running for 3.065)
2023-09-04 17:27:52.690 INFO  org.apache.catalina.core.ContainerBase.[Tomcat].[localhost].[/api] Line:173 - Initializing Spring DispatcherServlet 'dispatcherServlet'
2023-09-04 17:27:52.690 INFO  org.springframework.web.servlet.DispatcherServlet Line:525 - Initializing Servlet 'dispatcherServlet'
2023-09-04 17:27:52.691 INFO  org.springframework.web.servlet.DispatcherServlet Line:547 - Completed initialization in 1 ms
2023-09-04 17:27:52.797 INFO  com.zaxxer.hikari.HikariDataSource Line:110 - HikariPool-1 - Starting...
2023-09-04 17:27:53.122 INFO  com.zaxxer.hikari.HikariDataSource Line:123 - HikariPool-1 - Start completed.
2023-09-04 17:31:28.500 INFO  com.zaxxer.hikari.HikariDataSource Line:350 - HikariPool-1 - Shutdown initiated...
2023-09-04 17:31:28.507 INFO  com.zaxxer.hikari.HikariDataSource Line:352 - HikariPool-1 - Shutdown completed.
2023-09-04 17:31:32.539 INFO  com.zhu.userapi.UserApiApplication Line:55  - Starting UserApiApplication using Java 17.0.4.1 on LAPTOP-9RA645UK with PID 13848 (D:\zhu_api_backend\zhu-api-backend\target\classes started by ZHU in D:\zhu_api_backend\zhu-api-backend)
2023-09-04 17:31:32.543 INFO  com.zhu.userapi.UserApiApplication Line:631 - No active profile set, falling back to 1 default profile: "default"
2023-09-04 17:31:32.592 INFO  org.springframework.boot.devtools.env.DevToolsPropertyDefaultsPostProcessor Line:255 - Devtools property defaults active! Set 'spring.devtools.add-properties' to 'false' to disable
2023-09-04 17:31:32.592 INFO  org.springframework.boot.devtools.env.DevToolsPropertyDefaultsPostProcessor Line:255 - For additional web related logging consider setting the 'logging.level.web' property to 'DEBUG'
2023-09-04 17:31:33.556 INFO  org.springframework.boot.web.embedded.tomcat.TomcatWebServer Line:108 - Tomcat initialized with port(s): 8123 (http)
2023-09-04 17:31:33.557 INFO  org.apache.catalina.core.AprLifecycleListener Line:173 - Loaded Apache Tomcat Native library [1.2.35] using APR version [1.7.0].
2023-09-04 17:31:33.557 INFO  org.apache.catalina.core.AprLifecycleListener Line:173 - APR capabilities: IPv6 [true], sendfile [true], accept filters [false], random [true], UDS [true].
2023-09-04 17:31:33.557 INFO  org.apache.catalina.core.AprLifecycleListener Line:173 - APR/OpenSSL configuration: useAprConnector [false], useOpenSSL [true]
2023-09-04 17:31:33.559 INFO  org.apache.catalina.core.AprLifecycleListener Line:173 - OpenSSL successfully initialized [OpenSSL 1.1.1q  5 Jul 2022]
2023-09-04 17:31:33.566 INFO  org.apache.coyote.http11.Http11NioProtocol Line:173 - Initializing ProtocolHandler ["http-nio-8123"]
2023-09-04 17:31:33.566 INFO  org.apache.catalina.core.StandardService Line:173 - Starting service [Tomcat]
2023-09-04 17:31:33.567 INFO  org.apache.catalina.core.StandardEngine Line:173 - Starting Servlet engine: [Apache Tomcat/9.0.71]
2023-09-04 17:31:33.621 INFO  org.apache.catalina.core.ContainerBase.[Tomcat].[localhost].[/api] Line:173 - Initializing Spring embedded WebApplicationContext
2023-09-04 17:31:33.621 INFO  org.springframework.boot.web.servlet.context.ServletWebServerApplicationContext Line:292 - Root WebApplicationContext: initialization completed in 1028 ms
2023-09-04 17:31:34.332 INFO  org.springframework.boot.devtools.autoconfigure.OptionalLiveReloadServer Line:59  - LiveReload server is running on port 35729
2023-09-04 17:31:34.345 INFO  org.apache.coyote.http11.Http11NioProtocol Line:173 - Starting ProtocolHandler ["http-nio-8123"]
2023-09-04 17:31:34.360 INFO  org.springframework.boot.web.embedded.tomcat.TomcatWebServer Line:220 - Tomcat started on port(s): 8123 (http) with context path '/api'
2023-09-04 17:31:34.369 INFO  com.zhu.userapi.UserApiApplication Line:61  - Started UserApiApplication in 2.187 seconds (JVM running for 2.937)
2023-09-04 17:31:56.454 INFO  org.apache.catalina.core.ContainerBase.[Tomcat].[localhost].[/api] Line:173 - Initializing Spring DispatcherServlet 'dispatcherServlet'
2023-09-04 17:31:56.454 INFO  org.springframework.web.servlet.DispatcherServlet Line:525 - Initializing Servlet 'dispatcherServlet'
2023-09-04 17:31:56.455 INFO  org.springframework.web.servlet.DispatcherServlet Line:547 - Completed initialization in 1 ms
2023-09-04 17:31:56.551 INFO  com.zaxxer.hikari.HikariDataSource Line:110 - HikariPool-1 - Starting...
2023-09-04 17:31:56.811 INFO  com.zaxxer.hikari.HikariDataSource Line:123 - HikariPool-1 - Start completed.
2023-09-04 19:50:40.123 INFO  com.zhu.userapi.service.impl.UserServiceImpl Line:113 - user login failed,userAccount dose not match userPassword
2023-09-04 19:58:32.899 INFO  com.zaxxer.hikari.HikariDataSource Line:350 - HikariPool-1 - Shutdown initiated...
2023-09-04 19:58:32.904 INFO  com.zaxxer.hikari.HikariDataSource Line:352 - HikariPool-1 - Shutdown completed.
2023-09-04 19:58:36.693 INFO  com.zhu.userapi.UserApiApplication Line:55  - Starting UserApiApplication using Java 17.0.4.1 on LAPTOP-9RA645UK with PID 23328 (D:\zhu_api_backend\zhu-api-backend\target\classes started by ZHU in D:\zhu_api_backend\zhu-api-backend)
2023-09-04 19:58:36.696 INFO  com.zhu.userapi.UserApiApplication Line:631 - No active profile set, falling back to 1 default profile: "default"
2023-09-04 19:58:36.731 INFO  org.springframework.boot.devtools.env.DevToolsPropertyDefaultsPostProcessor Line:255 - Devtools property defaults active! Set 'spring.devtools.add-properties' to 'false' to disable
2023-09-04 19:58:36.731 INFO  org.springframework.boot.devtools.env.DevToolsPropertyDefaultsPostProcessor Line:255 - For additional web related logging consider setting the 'logging.level.web' property to 'DEBUG'
2023-09-04 19:58:37.706 INFO  org.springframework.boot.web.embedded.tomcat.TomcatWebServer Line:108 - Tomcat initialized with port(s): 8123 (http)
2023-09-04 19:58:37.707 INFO  org.apache.catalina.core.AprLifecycleListener Line:173 - Loaded Apache Tomcat Native library [1.2.35] using APR version [1.7.0].
2023-09-04 19:58:37.707 INFO  org.apache.catalina.core.AprLifecycleListener Line:173 - APR capabilities: IPv6 [true], sendfile [true], accept filters [false], random [true], UDS [true].
2023-09-04 19:58:37.707 INFO  org.apache.catalina.core.AprLifecycleListener Line:173 - APR/OpenSSL configuration: useAprConnector [false], useOpenSSL [true]
2023-09-04 19:58:37.710 INFO  org.apache.catalina.core.AprLifecycleListener Line:173 - OpenSSL successfully initialized [OpenSSL 1.1.1q  5 Jul 2022]
2023-09-04 19:58:37.718 INFO  org.apache.coyote.http11.Http11NioProtocol Line:173 - Initializing ProtocolHandler ["http-nio-8123"]
2023-09-04 19:58:37.719 INFO  org.apache.catalina.core.StandardService Line:173 - Starting service [Tomcat]
2023-09-04 19:58:37.719 INFO  org.apache.catalina.core.StandardEngine Line:173 - Starting Servlet engine: [Apache Tomcat/9.0.71]
2023-09-04 19:58:37.784 INFO  org.apache.catalina.core.ContainerBase.[Tomcat].[localhost].[/api] Line:173 - Initializing Spring embedded WebApplicationContext
2023-09-04 19:58:37.784 INFO  org.springframework.boot.web.servlet.context.ServletWebServerApplicationContext Line:292 - Root WebApplicationContext: initialization completed in 1053 ms
2023-09-04 19:58:38.599 INFO  org.springframework.boot.devtools.autoconfigure.OptionalLiveReloadServer Line:59  - LiveReload server is running on port 35729
2023-09-04 19:58:38.615 INFO  org.apache.coyote.http11.Http11NioProtocol Line:173 - Starting ProtocolHandler ["http-nio-8123"]
2023-09-04 19:58:38.633 INFO  org.springframework.boot.web.embedded.tomcat.TomcatWebServer Line:220 - Tomcat started on port(s): 8123 (http) with context path '/api'
2023-09-04 19:58:38.643 INFO  com.zhu.userapi.UserApiApplication Line:61  - Started UserApiApplication in 2.299 seconds (JVM running for 3.14)
2023-09-04 19:58:43.682 INFO  org.apache.catalina.core.ContainerBase.[Tomcat].[localhost].[/api] Line:173 - Initializing Spring DispatcherServlet 'dispatcherServlet'
2023-09-04 19:58:43.682 INFO  org.springframework.web.servlet.DispatcherServlet Line:525 - Initializing Servlet 'dispatcherServlet'
2023-09-04 19:58:43.684 INFO  org.springframework.web.servlet.DispatcherServlet Line:547 - Completed initialization in 2 ms
2023-09-04 19:58:43.771 INFO  com.zaxxer.hikari.HikariDataSource Line:110 - HikariPool-1 - Starting...
2023-09-04 19:58:44.120 INFO  com.zaxxer.hikari.HikariDataSource Line:123 - HikariPool-1 - Start completed.
2023-09-04 20:06:48.580 INFO  com.zaxxer.hikari.HikariDataSource Line:350 - HikariPool-1 - Shutdown initiated...
2023-09-04 20:06:48.586 INFO  com.zaxxer.hikari.HikariDataSource Line:352 - HikariPool-1 - Shutdown completed.
2023-09-04 20:06:52.831 INFO  com.zhu.userapi.UserApiApplication Line:55  - Starting UserApiApplication using Java 17.0.4.1 on LAPTOP-9RA645UK with PID 26824 (D:\zhu_api_backend\zhu-api-backend\target\classes started by ZHU in D:\zhu_api_backend\zhu-api-backend)
2023-09-04 20:06:52.834 INFO  com.zhu.userapi.UserApiApplication Line:631 - No active profile set, falling back to 1 default profile: "default"
2023-09-04 20:06:52.883 INFO  org.springframework.boot.devtools.env.DevToolsPropertyDefaultsPostProcessor Line:255 - Devtools property defaults active! Set 'spring.devtools.add-properties' to 'false' to disable
2023-09-04 20:06:52.883 INFO  org.springframework.boot.devtools.env.DevToolsPropertyDefaultsPostProcessor Line:255 - For additional web related logging consider setting the 'logging.level.web' property to 'DEBUG'
2023-09-04 20:06:53.836 INFO  org.springframework.boot.web.embedded.tomcat.TomcatWebServer Line:108 - Tomcat initialized with port(s): 8123 (http)
2023-09-04 20:06:53.837 INFO  org.apache.catalina.core.AprLifecycleListener Line:173 - Loaded Apache Tomcat Native library [1.2.35] using APR version [1.7.0].
2023-09-04 20:06:53.837 INFO  org.apache.catalina.core.AprLifecycleListener Line:173 - APR capabilities: IPv6 [true], sendfile [true], accept filters [false], random [true], UDS [true].
2023-09-04 20:06:53.837 INFO  org.apache.catalina.core.AprLifecycleListener Line:173 - APR/OpenSSL configuration: useAprConnector [false], useOpenSSL [true]
2023-09-04 20:06:53.839 INFO  org.apache.catalina.core.AprLifecycleListener Line:173 - OpenSSL successfully initialized [OpenSSL 1.1.1q  5 Jul 2022]
2023-09-04 20:06:53.846 INFO  org.apache.coyote.http11.Http11NioProtocol Line:173 - Initializing ProtocolHandler ["http-nio-8123"]
2023-09-04 20:06:53.847 INFO  org.apache.catalina.core.StandardService Line:173 - Starting service [Tomcat]
2023-09-04 20:06:53.847 INFO  org.apache.catalina.core.StandardEngine Line:173 - Starting Servlet engine: [Apache Tomcat/9.0.71]
2023-09-04 20:06:53.907 INFO  org.apache.catalina.core.ContainerBase.[Tomcat].[localhost].[/api] Line:173 - Initializing Spring embedded WebApplicationContext
2023-09-04 20:06:53.908 INFO  org.springframework.boot.web.servlet.context.ServletWebServerApplicationContext Line:292 - Root WebApplicationContext: initialization completed in 1024 ms
2023-09-04 20:06:54.669 INFO  org.springframework.boot.devtools.autoconfigure.OptionalLiveReloadServer Line:59  - LiveReload server is running on port 35729
2023-09-04 20:06:54.684 INFO  org.apache.coyote.http11.Http11NioProtocol Line:173 - Starting ProtocolHandler ["http-nio-8123"]
2023-09-04 20:06:54.701 INFO  org.springframework.boot.web.embedded.tomcat.TomcatWebServer Line:220 - Tomcat started on port(s): 8123 (http) with context path '/api'
2023-09-04 20:06:54.710 INFO  com.zhu.userapi.UserApiApplication Line:61  - Started UserApiApplication in 2.234 seconds (JVM running for 3.043)
2023-09-04 20:07:01.119 INFO  org.apache.catalina.core.ContainerBase.[Tomcat].[localhost].[/api] Line:173 - Initializing Spring DispatcherServlet 'dispatcherServlet'
2023-09-04 20:07:01.119 INFO  org.springframework.web.servlet.DispatcherServlet Line:525 - Initializing Servlet 'dispatcherServlet'
2023-09-04 20:07:01.120 INFO  org.springframework.web.servlet.DispatcherServlet Line:547 - Completed initialization in 1 ms
2023-09-04 20:07:01.189 INFO  com.zaxxer.hikari.HikariDataSource Line:110 - HikariPool-1 - Starting...
2023-09-04 20:07:01.465 INFO  com.zaxxer.hikari.HikariDataSource Line:123 - HikariPool-1 - Start completed.
2023-09-04 20:26:55.552 INFO  com.zaxxer.hikari.HikariDataSource Line:350 - HikariPool-1 - Shutdown initiated...
2023-09-04 20:26:55.559 INFO  com.zaxxer.hikari.HikariDataSource Line:352 - HikariPool-1 - Shutdown completed.
2023-09-04 20:26:59.927 INFO  com.zhu.userapi.UserApiApplication Line:55  - Starting UserApiApplication using Java 17.0.4.1 on LAPTOP-9RA645UK with PID 27616 (D:\zhu_api_backend\zhu-api-backend\target\classes started by ZHU in D:\zhu_api_backend\zhu-api-backend)
2023-09-04 20:26:59.929 INFO  com.zhu.userapi.UserApiApplication Line:631 - No active profile set, falling back to 1 default profile: "default"
2023-09-04 20:26:59.965 INFO  org.springframework.boot.devtools.env.DevToolsPropertyDefaultsPostProcessor Line:255 - Devtools property defaults active! Set 'spring.devtools.add-properties' to 'false' to disable
2023-09-04 20:26:59.966 INFO  org.springframework.boot.devtools.env.DevToolsPropertyDefaultsPostProcessor Line:255 - For additional web related logging consider setting the 'logging.level.web' property to 'DEBUG'
2023-09-04 20:27:00.878 INFO  org.springframework.boot.web.embedded.tomcat.TomcatWebServer Line:108 - Tomcat initialized with port(s): 8123 (http)
2023-09-04 20:27:00.879 INFO  org.apache.catalina.core.AprLifecycleListener Line:173 - Loaded Apache Tomcat Native library [1.2.35] using APR version [1.7.0].
2023-09-04 20:27:00.879 INFO  org.apache.catalina.core.AprLifecycleListener Line:173 - APR capabilities: IPv6 [true], sendfile [true], accept filters [false], random [true], UDS [true].
2023-09-04 20:27:00.879 INFO  org.apache.catalina.core.AprLifecycleListener Line:173 - APR/OpenSSL configuration: useAprConnector [false], useOpenSSL [true]
2023-09-04 20:27:00.882 INFO  org.apache.catalina.core.AprLifecycleListener Line:173 - OpenSSL successfully initialized [OpenSSL 1.1.1q  5 Jul 2022]
2023-09-04 20:27:00.890 INFO  org.apache.coyote.http11.Http11NioProtocol Line:173 - Initializing ProtocolHandler ["http-nio-8123"]
2023-09-04 20:27:00.891 INFO  org.apache.catalina.core.StandardService Line:173 - Starting service [Tomcat]
2023-09-04 20:27:00.891 INFO  org.apache.catalina.core.StandardEngine Line:173 - Starting Servlet engine: [Apache Tomcat/9.0.71]
2023-09-04 20:27:00.952 INFO  org.apache.catalina.core.ContainerBase.[Tomcat].[localhost].[/api] Line:173 - Initializing Spring embedded WebApplicationContext
2023-09-04 20:27:00.952 INFO  org.springframework.boot.web.servlet.context.ServletWebServerApplicationContext Line:292 - Root WebApplicationContext: initialization completed in 986 ms
2023-09-04 20:27:01.731 INFO  org.springframework.boot.devtools.autoconfigure.OptionalLiveReloadServer Line:59  - LiveReload server is running on port 35729
2023-09-04 20:27:01.744 INFO  org.apache.coyote.http11.Http11NioProtocol Line:173 - Starting ProtocolHandler ["http-nio-8123"]
2023-09-04 20:27:01.759 INFO  org.springframework.boot.web.embedded.tomcat.TomcatWebServer Line:220 - Tomcat started on port(s): 8123 (http) with context path '/api'
2023-09-04 20:27:01.768 INFO  com.zhu.userapi.UserApiApplication Line:61  - Started UserApiApplication in 2.187 seconds (JVM running for 2.996)
2023-09-04 20:27:15.276 INFO  com.zhu.userapi.UserApiApplication Line:55  - Starting UserApiApplication using Java 17.0.4.1 on LAPTOP-9RA645UK with PID 28608 (D:\zhu_api_backend\zhu-api-backend\target\classes started by ZHU in D:\zhu_api_backend\zhu-api-backend)
2023-09-04 20:27:15.278 INFO  com.zhu.userapi.UserApiApplication Line:631 - No active profile set, falling back to 1 default profile: "default"
2023-09-04 20:27:15.319 INFO  org.springframework.boot.devtools.env.DevToolsPropertyDefaultsPostProcessor Line:255 - Devtools property defaults active! Set 'spring.devtools.add-properties' to 'false' to disable
2023-09-04 20:27:15.319 INFO  org.springframework.boot.devtools.env.DevToolsPropertyDefaultsPostProcessor Line:255 - For additional web related logging consider setting the 'logging.level.web' property to 'DEBUG'
2023-09-04 20:27:16.237 INFO  org.springframework.boot.web.embedded.tomcat.TomcatWebServer Line:108 - Tomcat initialized with port(s): 8123 (http)
2023-09-04 20:27:16.238 INFO  org.apache.catalina.core.AprLifecycleListener Line:173 - Loaded Apache Tomcat Native library [1.2.35] using APR version [1.7.0].
2023-09-04 20:27:16.238 INFO  org.apache.catalina.core.AprLifecycleListener Line:173 - APR capabilities: IPv6 [true], sendfile [true], accept filters [false], random [true], UDS [true].
2023-09-04 20:27:16.238 INFO  org.apache.catalina.core.AprLifecycleListener Line:173 - APR/OpenSSL configuration: useAprConnector [false], useOpenSSL [true]
2023-09-04 20:27:16.241 INFO  org.apache.catalina.core.AprLifecycleListener Line:173 - OpenSSL successfully initialized [OpenSSL 1.1.1q  5 Jul 2022]
2023-09-04 20:27:16.247 INFO  org.apache.coyote.http11.Http11NioProtocol Line:173 - Initializing ProtocolHandler ["http-nio-8123"]
2023-09-04 20:27:16.248 INFO  org.apache.catalina.core.StandardService Line:173 - Starting service [Tomcat]
2023-09-04 20:27:16.248 INFO  org.apache.catalina.core.StandardEngine Line:173 - Starting Servlet engine: [Apache Tomcat/9.0.71]
2023-09-04 20:27:16.303 INFO  org.apache.catalina.core.ContainerBase.[Tomcat].[localhost].[/api] Line:173 - Initializing Spring embedded WebApplicationContext
2023-09-04 20:27:16.303 INFO  org.springframework.boot.web.servlet.context.ServletWebServerApplicationContext Line:292 - Root WebApplicationContext: initialization completed in 983 ms
2023-09-04 20:27:17.056 INFO  org.springframework.boot.devtools.autoconfigure.OptionalLiveReloadServer Line:59  - LiveReload server is running on port 35729
2023-09-04 20:27:17.069 INFO  org.apache.coyote.http11.Http11NioProtocol Line:173 - Starting ProtocolHandler ["http-nio-8123"]
2023-09-04 20:27:17.085 INFO  org.springframework.boot.web.embedded.tomcat.TomcatWebServer Line:220 - Tomcat started on port(s): 8123 (http) with context path '/api'
2023-09-04 20:27:17.094 INFO  com.zhu.userapi.UserApiApplication Line:61  - Started UserApiApplication in 2.164 seconds (JVM running for 2.909)
2023-09-04 20:27:21.837 INFO  org.apache.catalina.core.ContainerBase.[Tomcat].[localhost].[/api] Line:173 - Initializing Spring DispatcherServlet 'dispatcherServlet'
2023-09-04 20:27:21.838 INFO  org.springframework.web.servlet.DispatcherServlet Line:525 - Initializing Servlet 'dispatcherServlet'
2023-09-04 20:27:21.839 INFO  org.springframework.web.servlet.DispatcherServlet Line:547 - Completed initialization in 1 ms
2023-09-04 20:27:21.902 INFO  com.zaxxer.hikari.HikariDataSource Line:110 - HikariPool-1 - Starting...
2023-09-04 20:27:22.240 INFO  com.zaxxer.hikari.HikariDataSource Line:123 - HikariPool-1 - Start completed.
