2023-03-12 12:31:01.715 INFO  com.zhu.userapi.UserCenterApplication Line:55  - Starting UserCenterApplication using Java 17.0.4.1 on LAPTOP-9RA645UK with PID 14712 (D:\code\userCenter\target\classes started by ZHU in D:\code\userCenter)
2023-03-12 12:31:01.719 INFO  com.zhu.userapi.UserCenterApplication Line:631 - No active profile set, falling back to 1 default profile: "default"
2023-03-12 12:31:01.777 INFO  org.springframework.boot.devtools.env.DevToolsPropertyDefaultsPostProcessor Line:255 - Devtools property defaults active! Set 'spring.devtools.add-properties' to 'false' to disable
2023-03-12 12:31:01.778 INFO  org.springframework.boot.devtools.env.DevToolsPropertyDefaultsPostProcessor Line:255 - For additional web related logging consider setting the 'logging.level.web' property to 'DEBUG'
2023-03-12 12:31:02.759 INFO  org.springframework.boot.web.embedded.tomcat.TomcatWebServer Line:108 - Tomcat initialized with port(s): 8080 (http)
2023-03-12 12:31:02.760 INFO  org.apache.catalina.core.AprLifecycleListener Line:173 - Loaded Apache Tomcat Native library [1.2.35] using APR version [1.7.0].
2023-03-12 12:31:02.760 INFO  org.apache.catalina.core.AprLifecycleListener Line:173 - APR capabilities: IPv6 [true], sendfile [true], accept filters [false], random [true], UDS [true].
2023-03-12 12:31:02.760 INFO  org.apache.catalina.core.AprLifecycleListener Line:173 - APR/OpenSSL configuration: useAprConnector [false], useOpenSSL [true]
2023-03-12 12:31:02.772 INFO  org.apache.catalina.core.AprLifecycleListener Line:173 - OpenSSL successfully initialized [OpenSSL 1.1.1q  5 Jul 2022]
2023-03-12 12:31:02.781 INFO  org.apache.coyote.http11.Http11NioProtocol Line:173 - Initializing ProtocolHandler ["http-nio-8080"]
2023-03-12 12:31:02.781 INFO  org.apache.catalina.core.StandardService Line:173 - Starting service [Tomcat]
2023-03-12 12:31:02.781 INFO  org.apache.catalina.core.StandardEngine Line:173 - Starting Servlet engine: [Apache Tomcat/9.0.71]
2023-03-12 12:31:02.844 INFO  org.apache.catalina.core.ContainerBase.[Tomcat].[localhost].[/api] Line:173 - Initializing Spring embedded WebApplicationContext
2023-03-12 12:31:02.844 INFO  org.springframework.boot.web.servlet.context.ServletWebServerApplicationContext Line:292 - Root WebApplicationContext: initialization completed in 1066 ms
2023-03-12 12:31:03.531 INFO  org.springframework.boot.devtools.autoconfigure.OptionalLiveReloadServer Line:59  - LiveReload server is running on port 35729
2023-03-12 12:31:03.547 INFO  org.apache.coyote.http11.Http11NioProtocol Line:173 - Starting ProtocolHandler ["http-nio-8080"]
2023-03-12 12:31:03.567 INFO  org.springframework.boot.web.embedded.tomcat.TomcatWebServer Line:220 - Tomcat started on port(s): 8080 (http) with context path '/api'
2023-03-12 12:31:03.578 INFO  com.zhu.userapi.UserCenterApplication Line:61  - Started UserCenterApplication in 2.373 seconds (JVM running for 3.785)
2023-03-12 12:31:59.203 INFO  org.apache.catalina.core.ContainerBase.[Tomcat].[localhost].[/api] Line:173 - Initializing Spring DispatcherServlet 'dispatcherServlet'
2023-03-12 12:31:59.203 INFO  org.springframework.web.servlet.DispatcherServlet Line:525 - Initializing Servlet 'dispatcherServlet'
2023-03-12 12:31:59.204 INFO  org.springframework.web.servlet.DispatcherServlet Line:547 - Completed initialization in 1 ms
2023-03-12 12:32:07.658 INFO  com.zaxxer.hikari.HikariDataSource Line:110 - HikariPool-1 - Starting...
2023-03-12 12:32:07.823 INFO  com.zaxxer.hikari.HikariDataSource Line:123 - HikariPool-1 - Start completed.
2023-03-12 12:32:07.851 INFO  jdbc.sqltiming Line:373 - SELECT id,username,userAccount,avatarUrl,userPassword,gender,phone,email,userRole,userStatus,createTime,updateTime,isDelete 
FROM user WHERE isDelete=0 AND (userAccount = 'aaaaaa' AND userPassword = 'b0dd3697a192885d7c055db46155b26a') 
 {executed in 11 msec}
2023-03-12 12:32:07.905 INFO  jdbc.sqltiming Line:373 - SELECT id,username,userAccount,avatarUrl,userPassword,gender,phone,email,userRole,userStatus,createTime,updateTime,isDelete 
FROM user WHERE id=1621407197515558914 AND isDelete=0 
 {executed in 1 msec}
2023-03-12 12:32:14.233 INFO  jdbc.sqltiming Line:373 - SELECT id,username,userAccount,avatarUrl,userPassword,gender,phone,email,userRole,userStatus,createTime,updateTime,isDelete 
FROM user WHERE isDelete=0 
 {executed in 2 msec}
2023-03-12 12:33:13.035 INFO  jdbc.sqltiming Line:373 - SELECT id,username,userAccount,avatarUrl,userPassword,gender,phone,email,userRole,userStatus,createTime,updateTime,isDelete 
FROM user WHERE id=1621407197515558914 AND isDelete=0 
 {executed in 1 msec}
2023-03-12 12:33:14.660 INFO  jdbc.sqltiming Line:373 - SELECT id,username,userAccount,avatarUrl,userPassword,gender,phone,email,userRole,userStatus,createTime,updateTime,isDelete 
FROM user WHERE isDelete=0 
 {executed in 1 msec}
2023-03-12 12:35:55.952 INFO  jdbc.sqltiming Line:373 - SELECT id,username,userAccount,avatarUrl,userPassword,gender,phone,email,userRole,userStatus,createTime,updateTime,isDelete 
FROM user WHERE isDelete=0 
 {executed in 1 msec}
2023-03-12 12:36:01.853 INFO  jdbc.sqltiming Line:373 - SELECT id,username,userAccount,avatarUrl,userPassword,gender,phone,email,userRole,userStatus,createTime,updateTime,isDelete 
FROM user WHERE id=1621407197515558914 AND isDelete=0 
 {executed in 1 msec}
2023-03-12 12:36:02.213 INFO  jdbc.sqltiming Line:373 - SELECT id,username,userAccount,avatarUrl,userPassword,gender,phone,email,userRole,userStatus,createTime,updateTime,isDelete 
FROM user WHERE isDelete=0 
 {executed in 1 msec}
2023-03-12 12:37:45.656 INFO  jdbc.sqltiming Line:373 - SELECT id,username,userAccount,avatarUrl,userPassword,gender,phone,email,userRole,userStatus,createTime,updateTime,isDelete 
FROM user WHERE isDelete=0 
 {executed in 0 msec}
2023-03-12 12:37:47.921 INFO  jdbc.sqltiming Line:373 - SELECT id,username,userAccount,avatarUrl,userPassword,gender,phone,email,userRole,userStatus,createTime,updateTime,isDelete 
FROM user WHERE id=1621407197515558914 AND isDelete=0 
 {executed in 0 msec}
2023-03-12 12:37:48.322 INFO  jdbc.sqltiming Line:373 - SELECT id,username,userAccount,avatarUrl,userPassword,gender,phone,email,userRole,userStatus,createTime,updateTime,isDelete 
FROM user WHERE isDelete=0 
 {executed in 1 msec}
2023-03-12 12:38:52.839 INFO  jdbc.sqltiming Line:373 - SELECT id,username,userAccount,avatarUrl,userPassword,gender,phone,email,userRole,userStatus,createTime,updateTime,isDelete 
FROM user WHERE isDelete=0 
 {executed in 0 msec}
2023-03-12 12:43:54.815 INFO  jdbc.sqltiming Line:373 - SELECT id,username,userAccount,avatarUrl,userPassword,gender,phone,email,userRole,userStatus,createTime,updateTime,isDelete 
FROM user WHERE isDelete=0 
 {executed in 1 msec}
2023-03-12 12:46:58.255 INFO  jdbc.sqltiming Line:373 - SELECT id,username,userAccount,avatarUrl,userPassword,gender,phone,email,userRole,userStatus,createTime,updateTime,isDelete 
FROM user WHERE id=1621407197515558914 AND isDelete=0 
 {executed in 1 msec}
2023-03-12 12:46:58.659 INFO  jdbc.sqltiming Line:373 - SELECT id,username,userAccount,avatarUrl,userPassword,gender,phone,email,userRole,userStatus,createTime,updateTime,isDelete 
FROM user WHERE isDelete=0 
 {executed in 1 msec}
2023-03-12 12:47:09.845 INFO  jdbc.sqltiming Line:373 - SELECT id,username,userAccount,avatarUrl,userPassword,gender,phone,email,userRole,userStatus,createTime,updateTime,isDelete 
FROM user WHERE id=1621407197515558914 AND isDelete=0 
 {executed in 0 msec}
2023-03-12 12:47:10.187 INFO  jdbc.sqltiming Line:373 - SELECT id,username,userAccount,avatarUrl,userPassword,gender,phone,email,userRole,userStatus,createTime,updateTime,isDelete 
FROM user WHERE isDelete=0 
 {executed in 0 msec}
2023-03-12 12:52:16.661 INFO  jdbc.sqltiming Line:373 - SELECT id,username,userAccount,avatarUrl,userPassword,gender,phone,email,userRole,userStatus,createTime,updateTime,isDelete 
FROM user WHERE id=1621407197515558914 AND isDelete=0 
 {executed in 1 msec}
2023-03-12 12:54:18.750 INFO  jdbc.sqltiming Line:373 - SELECT id,username,userAccount,avatarUrl,userPassword,gender,phone,email,userRole,userStatus,createTime,updateTime,isDelete 
FROM user WHERE isDelete=0 
 {executed in 1 msec}
2023-03-12 12:54:31.908 INFO  jdbc.sqltiming Line:373 - SELECT id,username,userAccount,avatarUrl,userPassword,gender,phone,email,userRole,userStatus,createTime,updateTime,isDelete 
FROM user WHERE id=1621407197515558914 AND isDelete=0 
 {executed in 1 msec}
2023-03-12 12:54:31.919 INFO  jdbc.sqltiming Line:373 - SELECT id,username,userAccount,avatarUrl,userPassword,gender,phone,email,userRole,userStatus,createTime,updateTime,isDelete 
FROM user WHERE isDelete=0 AND (id = 1622078809659224000) 
 {executed in 1 msec}
2023-03-12 12:54:31.945 INFO  jdbc.sqltiming Line:373 - UPDATE user SET username='zhu1', userAccount='12312312', gender=0, userRole=0, userStatus=0, 
createTime='02/05/2023 11:44:59.000', updateTime='02/05/2023 11:44:59.000' WHERE id=1622078809659224000 
AND isDelete=0 
 {executed in 18 msec}
2023-03-12 12:54:32.168 INFO  jdbc.sqltiming Line:373 - SELECT id,username,userAccount,avatarUrl,userPassword,gender,phone,email,userRole,userStatus,createTime,updateTime,isDelete 
FROM user WHERE isDelete=0 
 {executed in 1 msec}
2023-03-12 12:57:19.667 INFO  jdbc.sqltiming Line:373 - SELECT id,username,userAccount,avatarUrl,userPassword,gender,phone,email,userRole,userStatus,createTime,updateTime,isDelete 
FROM user WHERE isDelete=0 
 {executed in 1 msec}
2023-03-12 12:58:11.945 INFO  jdbc.sqltiming Line:373 - SELECT id,username,userAccount,avatarUrl,userPassword,gender,phone,email,userRole,userStatus,createTime,updateTime,isDelete 
FROM user WHERE isDelete=0 
 {executed in 1 msec}
2023-03-12 12:58:14.377 INFO  jdbc.sqltiming Line:373 - SELECT id,username,userAccount,avatarUrl,userPassword,gender,phone,email,userRole,userStatus,createTime,updateTime,isDelete 
FROM user WHERE id=1621407197515558914 AND isDelete=0 
 {executed in 1 msec}
2023-03-12 12:58:14.778 INFO  jdbc.sqltiming Line:373 - SELECT id,username,userAccount,avatarUrl,userPassword,gender,phone,email,userRole,userStatus,createTime,updateTime,isDelete 
FROM user WHERE isDelete=0 
 {executed in 1 msec}
2023-03-12 13:03:20.111 INFO  jdbc.sqltiming Line:373 - SELECT id,username,userAccount,avatarUrl,userPassword,gender,phone,email,userRole,userStatus,createTime,updateTime,isDelete 
FROM user WHERE isDelete=0 
 {executed in 4 msec}
2023-03-12 13:03:51.037 INFO  jdbc.sqltiming Line:373 - SELECT id,username,userAccount,avatarUrl,userPassword,gender,phone,email,userRole,userStatus,createTime,updateTime,isDelete 
FROM user WHERE isDelete=0 
 {executed in 1 msec}
2023-03-12 13:08:46.301 INFO  jdbc.sqltiming Line:373 - SELECT id,username,userAccount,avatarUrl,userPassword,gender,phone,email,userRole,userStatus,createTime,updateTime,isDelete 
FROM user WHERE isDelete=0 
 {executed in 1 msec}
2023-03-12 13:11:14.062 INFO  jdbc.sqltiming Line:373 - SELECT id,username,userAccount,avatarUrl,userPassword,gender,phone,email,userRole,userStatus,createTime,updateTime,isDelete 
FROM user WHERE id=1621407197515558914 AND isDelete=0 
 {executed in 1 msec}
2023-03-12 13:11:14.493 INFO  jdbc.sqltiming Line:373 - SELECT id,username,userAccount,avatarUrl,userPassword,gender,phone,email,userRole,userStatus,createTime,updateTime,isDelete 
FROM user WHERE isDelete=0 
 {executed in 1 msec}
2023-03-12 13:11:25.137 INFO  jdbc.sqltiming Line:373 - SELECT id,username,userAccount,avatarUrl,userPassword,gender,phone,email,userRole,userStatus,createTime,updateTime,isDelete 
FROM user WHERE id=1621407197515558914 AND isDelete=0 
 {executed in 0 msec}
2023-03-12 13:11:25.139 INFO  jdbc.sqltiming Line:373 - SELECT id,username,userAccount,avatarUrl,userPassword,gender,phone,email,userRole,userStatus,createTime,updateTime,isDelete 
FROM user WHERE isDelete=0 AND (id = 1632641076989603841) 
 {executed in 0 msec}
2023-03-12 13:11:25.146 INFO  jdbc.sqltiming Line:373 - UPDATE user SET userAccount='asdfasd', gender=1, userRole=1, userStatus=1, createTime='03/06/2023 
15:15:40.000', updateTime='03/06/2023 15:15:40.000' WHERE id=1632641076989603841 AND isDelete=0 
 {executed in 6 msec}
2023-03-12 13:11:25.395 INFO  jdbc.sqltiming Line:373 - SELECT id,username,userAccount,avatarUrl,userPassword,gender,phone,email,userRole,userStatus,createTime,updateTime,isDelete 
FROM user WHERE isDelete=0 
 {executed in 1 msec}
2023-03-12 13:12:44.629 INFO  jdbc.sqltiming Line:373 - SELECT id,username,userAccount,avatarUrl,userPassword,gender,phone,email,userRole,userStatus,createTime,updateTime,isDelete 
FROM user WHERE id=1621407197515558914 AND isDelete=0 
 {executed in 0 msec}
2023-03-12 13:12:45.038 INFO  jdbc.sqltiming Line:373 - SELECT id,username,userAccount,avatarUrl,userPassword,gender,phone,email,userRole,userStatus,createTime,updateTime,isDelete 
FROM user WHERE isDelete=0 
 {executed in 1 msec}
2023-03-12 13:13:27.443 INFO  jdbc.sqltiming Line:373 - SELECT id,username,userAccount,avatarUrl,userPassword,gender,phone,email,userRole,userStatus,createTime,updateTime,isDelete 
FROM user WHERE id=1621407197515558914 AND isDelete=0 
 {executed in 0 msec}
2023-03-12 13:13:27.893 INFO  jdbc.sqltiming Line:373 - SELECT id,username,userAccount,avatarUrl,userPassword,gender,phone,email,userRole,userStatus,createTime,updateTime,isDelete 
FROM user WHERE isDelete=0 
 {executed in 0 msec}
2023-03-12 13:13:58.175 INFO  jdbc.sqltiming Line:373 - SELECT id,username,userAccount,avatarUrl,userPassword,gender,phone,email,userRole,userStatus,createTime,updateTime,isDelete 
FROM user WHERE id=1621407197515558914 AND isDelete=0 
 {executed in 0 msec}
2023-03-12 13:13:58.573 INFO  jdbc.sqltiming Line:373 - SELECT id,username,userAccount,avatarUrl,userPassword,gender,phone,email,userRole,userStatus,createTime,updateTime,isDelete 
FROM user WHERE isDelete=0 
 {executed in 1 msec}
2023-03-12 13:14:20.490 INFO  jdbc.sqltiming Line:373 - SELECT id,username,userAccount,avatarUrl,userPassword,gender,phone,email,userRole,userStatus,createTime,updateTime,isDelete 
FROM user WHERE id=1621407197515558914 AND isDelete=0 
 {executed in 1 msec}
2023-03-12 13:14:20.893 INFO  jdbc.sqltiming Line:373 - SELECT id,username,userAccount,avatarUrl,userPassword,gender,phone,email,userRole,userStatus,createTime,updateTime,isDelete 
FROM user WHERE isDelete=0 
 {executed in 0 msec}
2023-03-12 13:21:29.088 INFO  jdbc.sqltiming Line:373 - SELECT id,username,userAccount,avatarUrl,userPassword,gender,phone,email,userRole,userStatus,createTime,updateTime,isDelete 
FROM user WHERE id=1621407197515558914 AND isDelete=0 
 {executed in 0 msec}
2023-03-12 13:21:30.550 INFO  jdbc.sqltiming Line:373 - SELECT id,username,userAccount,avatarUrl,userPassword,gender,phone,email,userRole,userStatus,createTime,updateTime,isDelete 
FROM user WHERE isDelete=0 
 {executed in 0 msec}
2023-03-12 13:39:26.579 INFO  jdbc.sqltiming Line:373 - SELECT id,username,userAccount,avatarUrl,userPassword,gender,phone,email,userRole,userStatus,createTime,updateTime,isDelete 
FROM user WHERE id=1621407197515558914 AND isDelete=0 
 {executed in 3 msec}
2023-03-12 13:39:26.983 INFO  jdbc.sqltiming Line:373 - SELECT id,username,userAccount,avatarUrl,userPassword,gender,phone,email,userRole,userStatus,createTime,updateTime,isDelete 
FROM user WHERE isDelete=0 
 {executed in 2 msec}
2023-03-12 13:39:58.006 INFO  jdbc.sqltiming Line:373 - SELECT id,username,userAccount,avatarUrl,userPassword,gender,phone,email,userRole,userStatus,createTime,updateTime,isDelete 
FROM user WHERE id=1621407197515558914 AND isDelete=0 
 {executed in 0 msec}
2023-03-12 13:39:58.480 INFO  jdbc.sqltiming Line:373 - SELECT id,username,userAccount,avatarUrl,userPassword,gender,phone,email,userRole,userStatus,createTime,updateTime,isDelete 
FROM user WHERE isDelete=0 
 {executed in 1 msec}
2023-03-12 13:43:29.192 INFO  jdbc.sqltiming Line:373 - SELECT id,username,userAccount,avatarUrl,userPassword,gender,phone,email,userRole,userStatus,createTime,updateTime,isDelete 
FROM user WHERE isDelete=0 
 {executed in 1 msec}
2023-03-12 13:43:31.306 INFO  jdbc.sqltiming Line:373 - SELECT id,username,userAccount,avatarUrl,userPassword,gender,phone,email,userRole,userStatus,createTime,updateTime,isDelete 
FROM user WHERE id=1621407197515558914 AND isDelete=0 
 {executed in 0 msec}
2023-03-12 13:43:31.742 INFO  jdbc.sqltiming Line:373 - SELECT id,username,userAccount,avatarUrl,userPassword,gender,phone,email,userRole,userStatus,createTime,updateTime,isDelete 
FROM user WHERE isDelete=0 
 {executed in 1 msec}
2023-03-12 13:44:05.870 INFO  jdbc.sqltiming Line:373 - SELECT id,username,userAccount,avatarUrl,userPassword,gender,phone,email,userRole,userStatus,createTime,updateTime,isDelete 
FROM user WHERE isDelete=0 
 {executed in 1 msec}
2023-03-12 13:44:07.925 INFO  jdbc.sqltiming Line:373 - SELECT id,username,userAccount,avatarUrl,userPassword,gender,phone,email,userRole,userStatus,createTime,updateTime,isDelete 
FROM user WHERE id=1621407197515558914 AND isDelete=0 
 {executed in 0 msec}
2023-03-12 13:44:08.330 INFO  jdbc.sqltiming Line:373 - SELECT id,username,userAccount,avatarUrl,userPassword,gender,phone,email,userRole,userStatus,createTime,updateTime,isDelete 
FROM user WHERE isDelete=0 
 {executed in 1 msec}
2023-03-12 13:49:14.599 INFO  jdbc.sqltiming Line:373 - SELECT id,username,userAccount,avatarUrl,userPassword,gender,phone,email,userRole,userStatus,createTime,updateTime,isDelete 
FROM user WHERE isDelete=0 
 {executed in 0 msec}
2023-03-12 13:51:56.687 INFO  jdbc.sqltiming Line:373 - SELECT id,username,userAccount,avatarUrl,userPassword,gender,phone,email,userRole,userStatus,createTime,updateTime,isDelete 
FROM user WHERE isDelete=0 
 {executed in 6 msec}
2023-03-12 14:00:19.029 INFO  jdbc.sqltiming Line:373 - SELECT id,username,userAccount,avatarUrl,userPassword,gender,phone,email,userRole,userStatus,createTime,updateTime,isDelete 
FROM user WHERE id=1621407197515558914 AND isDelete=0 
 {executed in 0 msec}
2023-03-12 14:00:19.388 INFO  jdbc.sqltiming Line:373 - SELECT id,username,userAccount,avatarUrl,userPassword,gender,phone,email,userRole,userStatus,createTime,updateTime,isDelete 
FROM user WHERE isDelete=0 
 {executed in 0 msec}
2023-03-12 14:00:52.228 INFO  jdbc.sqltiming Line:373 - SELECT id,username,userAccount,avatarUrl,userPassword,gender,phone,email,userRole,userStatus,createTime,updateTime,isDelete 
FROM user WHERE id=1621407197515558914 AND isDelete=0 
 {executed in 3 msec}
2023-03-12 14:00:53.890 INFO  jdbc.sqltiming Line:373 - SELECT id,username,userAccount,avatarUrl,userPassword,gender,phone,email,userRole,userStatus,createTime,updateTime,isDelete 
FROM user WHERE isDelete=0 
 {executed in 0 msec}
2023-03-12 14:04:23.913 INFO  jdbc.sqltiming Line:373 - SELECT id,username,userAccount,avatarUrl,userPassword,gender,phone,email,userRole,userStatus,createTime,updateTime,isDelete 
FROM user WHERE isDelete=0 
 {executed in 16 msec}
2023-03-12 14:04:29.000 INFO  jdbc.sqltiming Line:373 - SELECT id,username,userAccount,avatarUrl,userPassword,gender,phone,email,userRole,userStatus,createTime,updateTime,isDelete 
FROM user WHERE id=1621407197515558914 AND isDelete=0 
 {executed in 1 msec}
2023-03-12 14:04:30.556 INFO  jdbc.sqltiming Line:373 - SELECT id,username,userAccount,avatarUrl,userPassword,gender,phone,email,userRole,userStatus,createTime,updateTime,isDelete 
FROM user WHERE isDelete=0 
 {executed in 2 msec}
2023-03-12 14:09:45.533 INFO  jdbc.sqltiming Line:373 - SELECT id,username,userAccount,avatarUrl,userPassword,gender,phone,email,userRole,userStatus,createTime,updateTime,isDelete 
FROM user WHERE isDelete=0 
 {executed in 1 msec}
2023-03-12 14:09:54.916 INFO  jdbc.sqltiming Line:373 - SELECT id,username,userAccount,avatarUrl,userPassword,gender,phone,email,userRole,userStatus,createTime,updateTime,isDelete 
FROM user WHERE id=1621407197515558914 AND isDelete=0 
 {executed in 1 msec}
2023-03-12 14:09:55.385 INFO  jdbc.sqltiming Line:373 - SELECT id,username,userAccount,avatarUrl,userPassword,gender,phone,email,userRole,userStatus,createTime,updateTime,isDelete 
FROM user WHERE isDelete=0 
 {executed in 0 msec}
2023-03-12 14:18:32.558 INFO  jdbc.sqltiming Line:373 - SELECT id,username,userAccount,avatarUrl,userPassword,gender,phone,email,userRole,userStatus,createTime,updateTime,isDelete 
FROM user WHERE isDelete=0 
 {executed in 1 msec}
2023-03-12 14:21:20.690 INFO  jdbc.sqltiming Line:373 - SELECT id,username,userAccount,avatarUrl,userPassword,gender,phone,email,userRole,userStatus,createTime,updateTime,isDelete 
FROM user WHERE id=1621407197515558914 AND isDelete=0 
 {executed in 1 msec}
2023-03-12 14:21:21.117 INFO  jdbc.sqltiming Line:373 - SELECT id,username,userAccount,avatarUrl,userPassword,gender,phone,email,userRole,userStatus,createTime,updateTime,isDelete 
FROM user WHERE isDelete=0 
 {executed in 1 msec}
2023-03-12 14:23:24.796 INFO  jdbc.sqltiming Line:373 - SELECT id,username,userAccount,avatarUrl,userPassword,gender,phone,email,userRole,userStatus,createTime,updateTime,isDelete 
FROM user WHERE isDelete=0 
 {executed in 1 msec}
2023-03-12 14:23:27.293 INFO  jdbc.sqltiming Line:373 - SELECT id,username,userAccount,avatarUrl,userPassword,gender,phone,email,userRole,userStatus,createTime,updateTime,isDelete 
FROM user WHERE id=1621407197515558914 AND isDelete=0 
 {executed in 0 msec}
2023-03-12 14:23:27.652 INFO  jdbc.sqltiming Line:373 - SELECT id,username,userAccount,avatarUrl,userPassword,gender,phone,email,userRole,userStatus,createTime,updateTime,isDelete 
FROM user WHERE isDelete=0 
 {executed in 0 msec}
2023-03-12 14:23:58.808 INFO  jdbc.sqltiming Line:373 - SELECT id,username,userAccount,avatarUrl,userPassword,gender,phone,email,userRole,userStatus,createTime,updateTime,isDelete 
FROM user WHERE isDelete=0 
 {executed in 1 msec}
2023-03-12 14:24:00.980 INFO  jdbc.sqltiming Line:373 - SELECT id,username,userAccount,avatarUrl,userPassword,gender,phone,email,userRole,userStatus,createTime,updateTime,isDelete 
FROM user WHERE id=1621407197515558914 AND isDelete=0 
 {executed in 0 msec}
2023-03-12 14:24:01.385 INFO  jdbc.sqltiming Line:373 - SELECT id,username,userAccount,avatarUrl,userPassword,gender,phone,email,userRole,userStatus,createTime,updateTime,isDelete 
FROM user WHERE isDelete=0 
 {executed in 0 msec}
2023-03-12 14:36:26.183 INFO  jdbc.sqltiming Line:373 - SELECT id,username,userAccount,avatarUrl,userPassword,gender,phone,email,userRole,userStatus,createTime,updateTime,isDelete 
FROM user WHERE id=1621407197515558914 AND isDelete=0 
 {executed in 3 msec}
2023-03-12 14:36:27.547 INFO  jdbc.sqltiming Line:373 - SELECT id,username,userAccount,avatarUrl,userPassword,gender,phone,email,userRole,userStatus,createTime,updateTime,isDelete 
FROM user WHERE isDelete=0 
 {executed in 3 msec}
2023-03-12 14:37:27.356 INFO  jdbc.sqltiming Line:373 - SELECT id,username,userAccount,avatarUrl,userPassword,gender,phone,email,userRole,userStatus,createTime,updateTime,isDelete 
FROM user WHERE isDelete=0 
 {executed in 1 msec}
2023-03-12 14:37:29.124 INFO  jdbc.sqltiming Line:373 - SELECT id,username,userAccount,avatarUrl,userPassword,gender,phone,email,userRole,userStatus,createTime,updateTime,isDelete 
FROM user WHERE id=1621407197515558914 AND isDelete=0 
 {executed in 0 msec}
2023-03-12 14:37:29.522 INFO  jdbc.sqltiming Line:373 - SELECT id,username,userAccount,avatarUrl,userPassword,gender,phone,email,userRole,userStatus,createTime,updateTime,isDelete 
FROM user WHERE isDelete=0 
 {executed in 0 msec}
2023-03-12 14:38:17.261 INFO  jdbc.sqltiming Line:373 - SELECT id,username,userAccount,avatarUrl,userPassword,gender,phone,email,userRole,userStatus,createTime,updateTime,isDelete 
FROM user WHERE isDelete=0 
 {executed in 1 msec}
2023-03-12 14:38:19.026 INFO  jdbc.sqltiming Line:373 - SELECT id,username,userAccount,avatarUrl,userPassword,gender,phone,email,userRole,userStatus,createTime,updateTime,isDelete 
FROM user WHERE id=1621407197515558914 AND isDelete=0 
 {executed in 0 msec}
2023-03-12 14:38:19.373 INFO  jdbc.sqltiming Line:373 - SELECT id,username,userAccount,avatarUrl,userPassword,gender,phone,email,userRole,userStatus,createTime,updateTime,isDelete 
FROM user WHERE isDelete=0 
 {executed in 1 msec}
2023-03-12 14:40:09.787 INFO  jdbc.sqltiming Line:373 - SELECT id,username,userAccount,avatarUrl,userPassword,gender,phone,email,userRole,userStatus,createTime,updateTime,isDelete 
FROM user WHERE isDelete=0 
 {executed in 0 msec}
2023-03-12 14:40:11.486 INFO  jdbc.sqltiming Line:373 - SELECT id,username,userAccount,avatarUrl,userPassword,gender,phone,email,userRole,userStatus,createTime,updateTime,isDelete 
FROM user WHERE id=1621407197515558914 AND isDelete=0 
 {executed in 0 msec}
2023-03-12 14:40:11.835 INFO  jdbc.sqltiming Line:373 - SELECT id,username,userAccount,avatarUrl,userPassword,gender,phone,email,userRole,userStatus,createTime,updateTime,isDelete 
FROM user WHERE isDelete=0 
 {executed in 0 msec}
2023-03-12 14:43:14.533 INFO  jdbc.sqltiming Line:373 - SELECT id,username,userAccount,avatarUrl,userPassword,gender,phone,email,userRole,userStatus,createTime,updateTime,isDelete 
FROM user WHERE isDelete=0 
 {executed in 2 msec}
2023-03-12 14:43:16.681 INFO  jdbc.sqltiming Line:373 - SELECT id,username,userAccount,avatarUrl,userPassword,gender,phone,email,userRole,userStatus,createTime,updateTime,isDelete 
FROM user WHERE id=1621407197515558914 AND isDelete=0 
 {executed in 1 msec}
2023-03-12 14:43:17.083 INFO  jdbc.sqltiming Line:373 - SELECT id,username,userAccount,avatarUrl,userPassword,gender,phone,email,userRole,userStatus,createTime,updateTime,isDelete 
FROM user WHERE isDelete=0 
 {executed in 1 msec}
2023-03-12 14:44:11.675 INFO  jdbc.sqltiming Line:373 - SELECT id,username,userAccount,avatarUrl,userPassword,gender,phone,email,userRole,userStatus,createTime,updateTime,isDelete 
FROM user WHERE id=1621407197515558914 AND isDelete=0 
 {executed in 0 msec}
2023-03-12 14:44:12.097 INFO  jdbc.sqltiming Line:373 - SELECT id,username,userAccount,avatarUrl,userPassword,gender,phone,email,userRole,userStatus,createTime,updateTime,isDelete 
FROM user WHERE isDelete=0 
 {executed in 1 msec}
2023-03-12 14:44:56.719 INFO  jdbc.sqltiming Line:373 - SELECT id,username,userAccount,avatarUrl,userPassword,gender,phone,email,userRole,userStatus,createTime,updateTime,isDelete 
FROM user WHERE id=1621407197515558914 AND isDelete=0 
 {executed in 1 msec}
2023-03-12 14:44:57.123 INFO  jdbc.sqltiming Line:373 - SELECT id,username,userAccount,avatarUrl,userPassword,gender,phone,email,userRole,userStatus,createTime,updateTime,isDelete 
FROM user WHERE isDelete=0 
 {executed in 0 msec}
2023-03-12 14:51:16.616 INFO  jdbc.sqltiming Line:373 - SELECT id,username,userAccount,avatarUrl,userPassword,gender,phone,email,userRole,userStatus,createTime,updateTime,isDelete 
FROM user WHERE isDelete=0 
 {executed in 1 msec}
2023-03-12 14:51:18.338 INFO  jdbc.sqltiming Line:373 - SELECT id,username,userAccount,avatarUrl,userPassword,gender,phone,email,userRole,userStatus,createTime,updateTime,isDelete 
FROM user WHERE id=1621407197515558914 AND isDelete=0 
 {executed in 0 msec}
2023-03-12 14:51:18.694 INFO  jdbc.sqltiming Line:373 - SELECT id,username,userAccount,avatarUrl,userPassword,gender,phone,email,userRole,userStatus,createTime,updateTime,isDelete 
FROM user WHERE isDelete=0 
 {executed in 1 msec}
2023-03-12 15:15:15.634 INFO  jdbc.sqltiming Line:373 - SELECT id,username,userAccount,avatarUrl,userPassword,gender,phone,email,userRole,userStatus,createTime,updateTime,isDelete 
FROM user WHERE isDelete=0 
 {executed in 4 msec}
2023-03-12 15:26:51.829 INFO  com.zaxxer.hikari.HikariDataSource Line:350 - HikariPool-1 - Shutdown initiated...
2023-03-12 15:26:51.834 INFO  com.zaxxer.hikari.HikariDataSource Line:352 - HikariPool-1 - Shutdown completed.
